C:\GITREPO\AWKWARDFRAMEWORK\AWKWARDFRAMEWORK\DEBUG\AFTEXTURE.OBJ
C:\GITREPO\AWKWARDFRAMEWORK\AWKWARDFRAMEWORK\DEBUG\AWKWARDFRAMEWORK.EXE.INTERMEDIATE.MANIFEST
C:\GITREPO\AWKWARDFRAMEWORK\AWKWARDFRAMEWORK\DEBUG\CANIMATION.OBJ
C:\GITREPO\AWKWARDFRAMEWORK\AWKWARDFRAMEWORK\DEBUG\CAPP.OBJ
C:\GITREPO\AWKWARDFRAMEWORK\AWKWARDFRAMEWORK\DEBUG\CAPPSTATE.OBJ
C:\GITREPO\AWKWARDFRAMEWORK\AWKWARDFRAMEWORK\DEBUG\CAPPSTATEGAME.OBJ
C:\GITREPO\AWKWARDFRAMEWORK\AWKWARDFRAMEWORK\DEBUG\CAPPSTATEINTRO.OBJ
C:\GITREPO\AWKWARDFRAMEWORK\AWKWARDFRAMEWORK\DEBUG\CAPPSTATEMANAGER.OBJ
C:\GITREPO\AWKWARDFRAMEWORK\AWKWARDFRAMEWORK\DEBUG\CAREA.OBJ
C:\GITREPO\AWKWARDFRAMEWORK\AWKWARDFRAMEWORK\DEBUG\CCAMERA.OBJ
C:\GITREPO\AWKWARDFRAMEWORK\AWKWARDFRAMEWORK\DEBUG\CENTITY.OBJ
C:\GITREPO\AWKWARDFRAMEWORK\AWKWARDFRAMEWORK\DEBUG\CENTITYCOL.OBJ
C:\GITREPO\AWKWARDFRAMEWORK\AWKWARDFRAMEWORK\DEBUG\CEVENT.OBJ
C:\GITREPO\AWKWARDFRAMEWORK\AWKWARDFRAMEWORK\DEBUG\CFPS.OBJ
C:\gitRepo\awkwardFramework\awkwardFramework\Debug\cl.command.1.tlog
C:\gitRepo\awkwardFramework\awkwardFramework\Debug\CL.read.1.tlog
C:\gitRepo\awkwardFramework\awkwardFramework\Debug\CL.write.1.tlog
C:\GITREPO\AWKWARDFRAMEWORK\AWKWARDFRAMEWORK\DEBUG\CMAP.OBJ
C:\GITREPO\AWKWARDFRAMEWORK\AWKWARDFRAMEWORK\DEBUG\CPLAYER.OBJ
C:\GITREPO\AWKWARDFRAMEWORK\AWKWARDFRAMEWORK\DEBUG\CSOUNDBANK.OBJ
C:\GITREPO\AWKWARDFRAMEWORK\AWKWARDFRAMEWORK\DEBUG\CSURFACE.OBJ
C:\GITREPO\AWKWARDFRAMEWORK\AWKWARDFRAMEWORK\DEBUG\CTILE.OBJ
C:\gitRepo\awkwardFramework\awkwardFramework\Debug\link.command.1.tlog
C:\gitRepo\awkwardFramework\awkwardFramework\Debug\link.read.1.tlog
C:\gitRepo\awkwardFramework\awkwardFramework\Debug\link.write.1.tlog
C:\gitRepo\awkwardFramework\awkwardFramework\Debug\mt.command.1.tlog
C:\gitRepo\awkwardFramework\awkwardFramework\Debug\mt.read.1.tlog
C:\gitRepo\awkwardFramework\awkwardFramework\Debug\mt.write.1.tlog
C:\GITREPO\AWKWARDFRAMEWORK\AWKWARDFRAMEWORK\DEBUG\ONCLEANUP.OBJ
C:\GITREPO\AWKWARDFRAMEWORK\AWKWARDFRAMEWORK\DEBUG\ONEVENT.OBJ
C:\GITREPO\AWKWARDFRAMEWORK\AWKWARDFRAMEWORK\DEBUG\ONINIT.OBJ
C:\GITREPO\AWKWARDFRAMEWORK\AWKWARDFRAMEWORK\DEBUG\ONLOOP.OBJ
C:\GITREPO\AWKWARDFRAMEWORK\AWKWARDFRAMEWORK\DEBUG\ONRENDER.OBJ
C:\GITREPO\AWKWARDFRAMEWORK\AWKWARDFRAMEWORK\DEBUG\SPRITE.OBJ
C:\GITREPO\AWKWARDFRAMEWORK\AWKWARDFRAMEWORK\DEBUG\TRANSFORM.OBJ
C:\gitRepo\awkwardFramework\awkwardFramework\Debug\vc100.idb
C:\GITREPO\AWKWARDFRAMEWORK\AWKWARDFRAMEWORK\DEBUG\VC100.PDB
C:\GITREPO\AWKWARDFRAMEWORK\AWKWARDFRAMEWORK\DEBUG\VECTOR2.OBJ
C:\GITREPO\AWKWARDFRAMEWORK\DEBUG\AWKWARDFRAMEWORK.EXE
C:\GITREPO\AWKWARDFRAMEWORK\DEBUG\AWKWARDFRAMEWORK.ILK
C:\GITREPO\AWKWARDFRAMEWORK\DEBUG\AWKWARDFRAMEWORK.PDB
