Build started 3/17/2012 7:08:31 PM.
     1>Project "C:\gitRepo\awkwardFramework\awkwardFramework\awkwardFramework.vcxproj" on node 2 (build target(s)).
     1>InitializeBuildStatus:
         Creating "Debug\awkwardFramework.unsuccessfulbuild" because "AlwaysCreate" was specified.
       ClCompile:
         c:\Program Files (x86)\Microsoft Visual Studio 10.0\VC\bin\CL.exe /c /ZI /nologo /W3 /WX- /Od /Oy- /D _MBCS /Gm /EHsc /RTC1 /MD /GS /fp:precise /Zc:wchar_t /Zc:forScope /Fo"Debug\\" /Fd"Debug\vc100.pdb" /Gd /TP /analyze- /errorReport:prompt CEntity.cpp
         CEntity.cpp
     1>c:\gitrepo\awkwardframework\awkwardframework\centity.cpp(123): warning C4244: '+=' : conversion from 'double' to 'float', possible loss of data
     1>c:\gitrepo\awkwardframework\awkwardframework\centity.cpp(124): warning C4244: '+=' : conversion from 'double' to 'float', possible loss of data
     1>c:\gitrepo\awkwardframework\awkwardframework\centity.cpp(127): warning C4244: '+=' : conversion from 'double' to 'float', possible loss of data
     1>c:\gitrepo\awkwardframework\awkwardframework\centity.cpp(132): warning C4244: '+=' : conversion from 'double' to 'float', possible loss of data
     1>c:\gitrepo\awkwardframework\awkwardframework\centity.cpp(144): warning C4244: '+=' : conversion from 'double' to 'float', possible loss of data
     1>c:\gitrepo\awkwardframework\awkwardframework\centity.cpp(145): warning C4244: '+=' : conversion from 'double' to 'float', possible loss of data
       Link:
         c:\Program Files (x86)\Microsoft Visual Studio 10.0\VC\bin\link.exe /ERRORREPORT:PROMPT /OUT:"C:\gitRepo\awkwardFramework\Debug\awkwardFramework.exe" /NOLOGO SDLmain.lib SDL.lib SDL_image.lib SDL_mixer.lib opengl32.lib glu32.lib kernel32.lib user32.lib gdi32.lib winspool.lib comdlg32.lib advapi32.lib shell32.lib ole32.lib oleaut32.lib uuid.lib odbc32.lib odbccp32.lib /MANIFEST /ManifestFile:"Debug\awkwardFramework.exe.intermediate.manifest" /MANIFESTUAC:"level='asInvoker' uiAccess='false'" /DEBUG /PDB:"C:\gitRepo\awkwardFramework\Debug\awkwardFramework.pdb" /SUBSYSTEM:WINDOWS /TLBID:1 /DYNAMICBASE /NXCOMPAT /IMPLIB:"C:\gitRepo\awkwardFramework\Debug\awkwardFramework.lib" /MACHINE:X86 Debug\CAnimation.obj
         Debug\CApp.obj
         Debug\CAppState.obj
         Debug\CAppStateGame.obj
         Debug\CAppStateIntro.obj
         Debug\CAppStateManager.obj
         Debug\CArea.obj
         Debug\CCamera.obj
         Debug\CEntity.obj
         Debug\CEntityCol.obj
         Debug\CEvent.obj
         Debug\CFPS.obj
         Debug\CMap.obj
         Debug\CPlayer.obj
         Debug\CSoundbank.obj
         Debug\CSurface.obj
         Debug\CTile.obj
         Debug\OnCleanup.obj
         Debug\OnEvent.obj
         Debug\OnInit.obj
         Debug\OnLoop.obj
         Debug\OnRender.obj
         Debug\Sprite.obj
         Debug\Vector2.obj
         LINK : C:\gitRepo\awkwardFramework\Debug\awkwardFramework.exe not found or not built by the last incremental link; performing full link
         awkwardFramework.vcxproj -> C:\gitRepo\awkwardFramework\Debug\awkwardFramework.exe
       Manifest:
         C:\Program Files (x86)\Microsoft SDKs\Windows\v7.0A\bin\mt.exe /nologo /verbose /outputresource:"C:\gitRepo\awkwardFramework\Debug\awkwardFramework.exe;#1" /manifest Debug\awkwardFramework.exe.intermediate.manifest
       FinalizeBuildStatus:
         Deleting file "Debug\awkwardFramework.unsuccessfulbuild".
         Touching "Debug\awkwardFramework.lastbuildstate".
     1>Done Building Project "C:\gitRepo\awkwardFramework\awkwardFramework\awkwardFramework.vcxproj" (build target(s)).

Build succeeded.

Time Elapsed 00:00:01.40
