Build started 3/17/2012 12:43:45 PM.
     1>Project "C:\Users\Crisman\Documents\Visual Studio 2010\Projects\SDLfun\SDLfun\SDLfun.vcxproj" on node 2 (build target(s)).
     1>InitializeBuildStatus:
         Creating "Debug\SDLfun.unsuccessfulbuild" because "AlwaysCreate" was specified.
       ClCompile:
         c:\Program Files (x86)\Microsoft Visual Studio 10.0\VC\bin\CL.exe /c /ZI /nologo /W3 /WX- /Od /Oy- /D _MBCS /Gm /EHsc /RTC1 /MD /GS /fp:precise /Zc:wchar_t /Zc:forScope /Fo"Debug\\" /Fd"Debug\vc100.pdb" /Gd /TP /analyze- /errorReport:prompt Vector2.cpp
         Vector2.cpp
       Link:
         c:\Program Files (x86)\Microsoft Visual Studio 10.0\VC\bin\link.exe /ERRORREPORT:PROMPT /OUT:"C:\Users\Crisman\Documents\Visual Studio 2010\Projects\SDLfun\Debug\SDLfun.exe" /NOLOGO SDLmain.lib SDL.lib SDL_image.lib SDL_mixer.lib opengl32.lib glu32.lib kernel32.lib user32.lib gdi32.lib winspool.lib comdlg32.lib advapi32.lib shell32.lib ole32.lib oleaut32.lib uuid.lib odbc32.lib odbccp32.lib /MANIFEST /ManifestFile:"Debug\SDLfun.exe.intermediate.manifest" /MANIFESTUAC:"level='asInvoker' uiAccess='false'" /DEBUG /PDB:"C:\Users\Crisman\Documents\Visual Studio 2010\Projects\SDLfun\Debug\SDLfun.pdb" /SUBSYSTEM:WINDOWS /TLBID:1 /DYNAMICBASE /NXCOMPAT /IMPLIB:"C:\Users\Crisman\Documents\Visual Studio 2010\Projects\SDLfun\Debug\SDLfun.lib" /MACHINE:X86 Debug\CAnimation.obj
         Debug\CApp.obj
         Debug\CAppState.obj
         Debug\CAppStateGame.obj
         Debug\CAppStateIntro.obj
         Debug\CAppStateManager.obj
         Debug\CArea.obj
         Debug\CCamera.obj
         Debug\CEntity.obj
         Debug\CEntityCol.obj
         Debug\CEvent.obj
         Debug\CFPS.obj
         Debug\CMap.obj
         Debug\CPlayer.obj
         Debug\CSoundbank.obj
         Debug\CSurface.obj
         Debug\CTile.obj
         Debug\OnCleanup.obj
         Debug\OnEvent.obj
         Debug\OnInit.obj
         Debug\OnLoop.obj
         Debug\OnRender.obj
         Debug\Vector2.obj
         LINK : C:\Users\Crisman\Documents\Visual Studio 2010\Projects\SDLfun\Debug\SDLfun.exe not found or not built by the last incremental link; performing full link
         SDLfun.vcxproj -> C:\Users\Crisman\Documents\Visual Studio 2010\Projects\SDLfun\Debug\SDLfun.exe
       Manifest:
         C:\Program Files (x86)\Microsoft SDKs\Windows\v7.0A\bin\mt.exe /nologo /verbose /outputresource:"C:\Users\Crisman\Documents\Visual Studio 2010\Projects\SDLfun\Debug\SDLfun.exe;#1" /manifest Debug\SDLfun.exe.intermediate.manifest
       FinalizeBuildStatus:
         Deleting file "Debug\SDLfun.unsuccessfulbuild".
         Touching "Debug\SDLfun.lastbuildstate".
     1>Done Building Project "C:\Users\Crisman\Documents\Visual Studio 2010\Projects\SDLfun\SDLfun\SDLfun.vcxproj" (build target(s)).

Build succeeded.

Time Elapsed 00:00:00.97
